<?xml version="1.0" encoding="UTF-8"?>
<!-- Generated by org.testng.reporters.JUnitXMLReporter -->
<testsuite ignored="1" hostname="DESKTOP-OSG6H8E" failures="0" tests="6" name="Default test" time="0.158" errors="0" timestamp="2023-04-20T18:30:31 IST">
  <testcase classname="pack1.TestNG_Keywords" name="method3" time="0.016"/>
  <testcase classname="pack1.TestNG_Keywords" name="method1" time="0.003"/>
  <testcase classname="pack1.TestNG_Keywords" name="method1" time="0.004"/>
  <testcase classname="pack1.TestNG_Keywords" name="method5" time="0.013"/>
  <testcase classname="pack1.TestNG_Keywords" name="method2" time="0.007"/>
  <testcase classname="pack1.TestNG_Keywords" name="method6" time="0.013"/>
  <testcase classname="pack1.TestNG_Keywords" name="method4" time="0.0">
    <ignored/>
  </testcase> <!-- method4 -->
</testsuite> <!-- Default test -->
