<?xml version="1.0" encoding="UTF-8"?>
<!-- Generated by org.testng.reporters.JUnitXMLReporter -->
<testsuite ignored="0" hostname="DESKTOP-OSG6H8E" failures="0" tests="4" name="Practise_Test" time="0.22" errors="0" timestamp="2025-07-27T10:17:48 IST">
  <testcase classname="testng_practise.Annotations" name="test" time="0.012"/>
  <testcase classname="testng_practise.Annotations" name="test2" time="0.004"/>
  <testcase classname="testng_practise.Annotations1" name="verifytestcase1" time="0.006"/>
  <testcase classname="testng_practise.Annotations1" name="verifytestcase2" time="0.002"/>
</testsuite> <!-- Practise_Test -->
