<?xml version="1.0" encoding="UTF-8"?>
<!-- Generated by org.testng.reporters.JUnitXMLReporter -->
<testsuite ignored="0" hostname="DESKTOP-OSG6H8E" failures="0" tests="4" name="ChromeTest" time="45.785" errors="0" timestamp="2025-07-29T10:18:37 IST">
  <testcase classname="com.saucedemo.testclass.TC01_loginfunctionality" name="loginmethod" time="1.232"/>
  <testcase classname="com.saucedemo.testclass.TC02_logoutfunctionality" name="logoutmethod" time="0.003"/>
  <testcase classname="com.saucedemo.testclass.TC04_Singleitemadd" name="singleitemmethod" time="2.427"/>
  <testcase classname="com.saucedemo.testclass.TC03_aboutfunctionality" name="aboutmethod" time="9.946"/>
</testsuite> <!-- ChromeTest -->
