<?xml version="1.0" encoding="UTF-8"?>
<!-- Generated by org.testng.reporters.JUnitXMLReporter -->
<testsuite ignored="0" hostname="DESKTOP-OSG6H8E" failures="0" tests="4" name="FirefoxTest" time="55.197" errors="0" timestamp="2025-07-29T10:19:33 IST">
  <testcase classname="com.saucedemo.testclass.TC02_logoutfunctionality" name="logoutmethod" time="0.003"/>
  <testcase classname="com.saucedemo.testclass.TC04_Singleitemadd" name="singleitemmethod" time="0.59"/>
  <testcase classname="com.saucedemo.testclass.TC01_loginfunctionality" name="loginmethod" time="0.523"/>
  <testcase classname="com.saucedemo.testclass.TC03_aboutfunctionality" name="aboutmethod" time="31.768"/>
</testsuite> <!-- FirefoxTest -->
